INFO     | =======================================================
INFO     | Preprocessing: ensuring dataset split ...
INFO     | [preprocess] Split data already exists. Skipping split.
INFO     | Preprocessing: validating dataset directories …
INFO     | [preprocess] train: 5 classes found in 'D:\Downloads\SB_Web-master\SB_Project\data\processed3\train'.
INFO     | [preprocess] val: 5 classes found in 'D:\Downloads\SB_Web-master\SB_Project\data\processed3\val'.
INFO     | [preprocess] test: 5 classes found in 'D:\Downloads\SB_Web-master\SB_Project\data\processed3\test'.
INFO     | Discovering training classes …
INFO     |   Class 'Mild': 1000 images total in dataset split.
INFO     |   Class 'Moderate': 1000 images total in dataset split.
INFO     |   Class 'No_DR': 1000 images total in dataset split.
INFO     |   Class 'Proliferate_DR': 1000 images total in dataset split.
INFO     |   Class 'Severe': 1000 images total in dataset split.
INFO     | Discovering validation classes …
INFO     |   Class 'Mild': 37 images total in dataset split.
INFO     |   Class 'Moderate': 99 images total in dataset split.
INFO     |   Class 'No_DR': 180 images total in dataset split.
INFO     |   Class 'Proliferate_DR': 29 images total in dataset split.
INFO     |   Class 'Severe': 19 images total in dataset split.
INFO     | Discovering test classes …
INFO     |   Class 'Mild': 37 images total in dataset split.
INFO     |   Class 'Moderate': 101 images total in dataset split.
INFO     |   Class 'No_DR': 181 images total in dataset split.
INFO     |   Class 'Proliferate_DR': 30 images total in dataset split.
INFO     |   Class 'Severe': 20 images total in dataset split.
INFO     | Total classes: 5  ->  ['Mild', 'Moderate', 'No_DR', 'Proliferate_DR', 'Severe']
INFO     | Advanced augmentation enabled for training set.
INFO     | Evaluating on data from: D:\Downloads\SB_Web-master\SB_Project\data\processed3\val
INFO     |   Class 'Mild': 37 images total in dataset split.
INFO     |   Class 'Moderate': 99 images total in dataset split.
INFO     |   Class 'No_DR': 180 images total in dataset split.
INFO     |   Class 'Proliferate_DR': 29 images total in dataset split.
INFO     |   Class 'Severe': 19 images total in dataset split.
INFO     | Dataset created: 364 samples, 5 classes.
INFO     | DataLoaders ready — train: 11 batches | val: 12 batches | test: 12 batches
INFO     | Loading pretrained model: 'resnet34' …
INFO     | Model 'resnet34' ready — total params: 21,287,237 | trainable: 21,287,237 | output classes: 5
INFO     | =======================================================
INFO     | Running inference on test set …
INFO     | Test inference complete — samples: 364 | accuracy: 90.11% | mean confidence: 0.8608
INFO     | 
Classification Report:
                precision    recall  f1-score   support

          Mild     0.8095    0.4595    0.5862        37
      Moderate     0.7840    0.9899    0.8750        99
         No_DR     0.9778    0.9778    0.9778       180
Proliferate_DR     0.9600    0.8276    0.8889        29
        Severe     1.0000    0.6842    0.8125        19

      accuracy                         0.9011       364
     macro avg     0.9063    0.7878    0.8281       364
  weighted avg     0.9077    0.9011    0.8943       364

INFO     | Per-class metrics CSV saved.
INFO     | Summary — Acc: 0.9011 | Macro-F1: 0.8281 | Weighted-F1: 0.8943
