INFO     | =======================================================
INFO     | Preprocessing: ensuring dataset split ...
INFO     | [preprocess] Split data already exists. Skipping split.
INFO     | Preprocessing: validating dataset directories …
INFO     | [preprocess] train: 5 classes found in 'D:\Downloads\SB_Web-master\SB_Project\data\processed3\train'.
INFO     | [preprocess] val: 5 classes found in 'D:\Downloads\SB_Web-master\SB_Project\data\processed3\val'.
INFO     | [preprocess] test: 5 classes found in 'D:\Downloads\SB_Web-master\SB_Project\data\processed3\test'.
INFO     | Discovering training classes …
INFO     |   Class 'Mild': 1000 images total in dataset split.
INFO     |   Class 'Moderate': 1000 images total in dataset split.
INFO     |   Class 'No_DR': 1000 images total in dataset split.
INFO     |   Class 'Proliferate_DR': 1000 images total in dataset split.
INFO     |   Class 'Severe': 1000 images total in dataset split.
INFO     | Discovering validation classes …
INFO     |   Class 'Mild': 37 images total in dataset split.
INFO     |   Class 'Moderate': 99 images total in dataset split.
INFO     |   Class 'No_DR': 180 images total in dataset split.
INFO     |   Class 'Proliferate_DR': 29 images total in dataset split.
INFO     |   Class 'Severe': 19 images total in dataset split.
INFO     | Discovering test classes …
INFO     |   Class 'Mild': 37 images total in dataset split.
INFO     |   Class 'Moderate': 101 images total in dataset split.
INFO     |   Class 'No_DR': 181 images total in dataset split.
INFO     |   Class 'Proliferate_DR': 30 images total in dataset split.
INFO     |   Class 'Severe': 20 images total in dataset split.
INFO     | Total classes: 5  ->  ['Mild', 'Moderate', 'No_DR', 'Proliferate_DR', 'Severe']
INFO     | Advanced augmentation enabled for training set.
INFO     | Evaluating on data from: D:\Downloads\SB_Web-master\SB_Project\data\processed3\train
INFO     |   Class 'Mild': 1000 images total in dataset split.
INFO     |   Class 'Moderate': 1000 images total in dataset split.
INFO     |   Class 'No_DR': 1000 images total in dataset split.
INFO     |   Class 'Proliferate_DR': 1000 images total in dataset split.
INFO     |   Class 'Severe': 1000 images total in dataset split.
INFO     | Dataset created: 5000 samples, 5 classes.
INFO     | DataLoaders ready — train: 156 batches | val: 157 batches | test: 157 batches
INFO     | Loading pretrained model: 'mobilenet' …
INFO     | Model 'mobilenet' ready — total params: 2,230,277 | trainable: 2,230,277 | output classes: 5
INFO     | =======================================================
INFO     | Running inference on test set …
INFO     | Test inference complete — samples: 5000 | accuracy: 69.52% | mean confidence: 0.7618
INFO     | 
Classification Report:
                precision    recall  f1-score   support

          Mild     0.8584    0.5940    0.7021      1000
      Moderate     0.4483    0.9460    0.6084      1000
         No_DR     0.8903    0.9900    0.9375      1000
Proliferate_DR     0.8418    0.5000    0.6274      1000
        Severe     0.9065    0.4460    0.5979      1000

      accuracy                         0.6952      5000
     macro avg     0.7891    0.6952    0.6946      5000
  weighted avg     0.7891    0.6952    0.6946      5000

INFO     | Per-class metrics CSV saved.
INFO     | Summary — Acc: 0.6952 | Macro-F1: 0.6946 | Weighted-F1: 0.6946
